<?xml version="1.0" encoding="UTF-8"?>
<!-- Generated by org.testng.reporters.JUnitXMLReporter -->
<testsuite ignored="1" hostname="Kumarswamy-PC" failures="1" tests="6" name="Default test(failed)" time="44.85" errors="0" timestamp="2025-02-19T15:59:34 IST">
  <testcase classname="TestNG_ListenersBasic.Listners_Basic" name="CreateContactTest" time="0.024">
    <skipped/>
  </testcase> <!-- CreateContactTest -->
  <testcase classname="TestNG_ListenersBasic.Listners_Basic" name="CreateContactTest" time="0.003">
    <skipped/>
  </testcase> <!-- CreateContactTest -->
  <testcase classname="TestNG_ListenersBasic.Listners_Basic" name="CreateContactTest" time="0.002">
    <skipped/>
  </testcase> <!-- CreateContactTest -->
  <testcase classname="TestNG_ListenersBasic.Listners_Basic" name="CreateContactTest" time="0.003">
    <skipped/>
  </testcase> <!-- CreateContactTest -->
  <testcase classname="TestNG_ListenersBasic.Listners_Basic" name="CreateContactTest" time="0.004">
    <skipped/>
  </testcase> <!-- CreateContactTest -->
  <testcase classname="TestNG_ListenersBasic.Listners_Basic" name="CreateContactTest" time="0.003">
    <failure type="java.lang.AssertionError" message="expected [Title page] but found [Title]">
      <![CDATA[java.lang.AssertionError: expected [Title page] but found [Title]
at TestNG_ListenersBasic.Listners_Basic.CreateContactTest(Listners_Basic.java:16)
at java.base/java.util.ArrayList.forEach(ArrayList.java:1511)
... Removed 33 stack frames]]>
    </failure>
  </testcase> <!-- CreateContactTest -->
  <testcase classname="TestNG_ListenersBasic.Listners_Basic" name="CreateContactWithDateTest" time="0.0">
    <ignored/>
  </testcase> <!-- CreateContactWithDateTest -->
</testsuite> <!-- Default test(failed) -->
